<?xml version="1.0" encoding="UTF-8"?>
<!-- Generated by org.testng.reporters.JUnitReportReporter -->
<testsuite hostname="DESKTOP-PKIP4S4" failures="0" tests="1" name="testcase.Testcase_CreateRepo" time="3.930" errors="0" timestamp="2023-08-17T18:43:27 ICT" skipped="0">
  <testcase classname="testcase.Testcase_CreateRepo" name="test" time="3.930">
    <system-out>
      <![CDATA[username entered
password entered
button clicked
login successful
repository clicked
repo name entered
trieu-nhat-222 is available.]]>
    </system-out>
  </testcase> <!-- test -->
  <system-out>
    <![CDATA[successfully proceeded to LoginPage
username entered
password entered
button clicked
login successful
repository clicked
repo name entered
trieu-nhat-222 is available.]]>
  </system-out>
</testsuite> <!-- testcase.Testcase_CreateRepo -->
