<?xml version="1.0" encoding="UTF-8"?>
<!-- Generated by org.testng.reporters.JUnitReportReporter -->
<testsuite hostname="DESKTOP-PKIP4S4" failures="0" tests="1" name="testcase.Testcase_passwordCompromised" time="3.345" errors="0" timestamp="2023-08-16T13:18:38 ICT" skipped="0">
  <testcase classname="testcase.Testcase_passwordCompromised" name="test" time="3.345">
    <system-out>
      <![CDATA[email entered
email entered
email button clicked
password entered
password entered
password may be compromised]]>
    </system-out>
  </testcase> <!-- test -->
  <system-out>
    <![CDATA[successfully proceeded to SignUpPage
email entered
email entered
email button clicked
password entered
password entered
password may be compromised]]>
  </system-out>
</testsuite> <!-- testcase.Testcase_passwordCompromised -->
