<?xml version="1.0" encoding="UTF-8"?>
<!-- Generated by org.testng.reporters.JUnitReportReporter -->
<testsuite hostname="DESKTOP-PKIP4S4" failures="0" tests="1" name="testcase.Testcase_SignUp" time="22.566" errors="0" timestamp="2023-08-15T19:40:24 ICT" skipped="0">
  <testcase classname="testcase.Testcase_SignUp" name="test" time="22.566">
    <system-out>
      <![CDATA[email entered
email entered
email button clicked
password entered
password entered
pass button clicked
username entered
username button clicked
button create account clicked]]>
    </system-out>
  </testcase> <!-- test -->
  <system-out>
    <![CDATA[successfully proceeded to SignUpPage
email entered
email entered
email button clicked
password entered
password entered
pass button clicked
username entered
username button clicked
button create account clicked]]>
  </system-out>
</testsuite> <!-- testcase.Testcase_SignUp -->
