<?xml version="1.0" encoding="UTF-8"?>
<!-- Generated by org.testng.reporters.JUnitReportReporter -->
<testsuite hostname="DESKTOP-PKIP4S4" failures="0" tests="1" name="testcase.Testcase_Login" time="1.745" errors="0" timestamp="2023-08-15T20:02:51 ICT" skipped="0">
  <testcase classname="testcase.Testcase_Login" name="test" time="1.745">
    <system-out>
      <![CDATA[username entered
password entered
button clicked
login successful
send feedback]]>
    </system-out>
  </testcase> <!-- test -->
  <system-out>
    <![CDATA[successfully proceeded to loginPage
username entered
password entered
button clicked
login successful
send feedback]]>
  </system-out>
</testsuite> <!-- testcase.Testcase_Login -->
