<?xml version="1.0" encoding="UTF-8"?>
<!-- Generated by org.testng.reporters.JUnitReportReporter -->
<testsuite hostname="DESKTOP-PKIP4S4" failures="0" tests="1" name="testcase.Testcase_passwordCompromised" time="1.663" errors="0" timestamp="2023-08-19T19:35:29 ICT" skipped="0">
  <testcase classname="testcase.Testcase_passwordCompromised" name="test" time="1.663">
    <system-out>
      <![CDATA[email entered
email button clicked
password entered
password may be compromised]]>
    </system-out>
  </testcase> <!-- test -->
  <system-out>
    <![CDATA[successfully proceeded to LoginPage
successfully proceeded to LoginPage
successfully proceeded to LoginPage
successfully proceeded to LoginPage
successfully proceeded to SignUpPage
successfully proceeded to loginPage
successfully proceeded to LoginPage
failed to proceeded to loginPage
successfully proceeded to SignUpPage
successfully proceeded to SignUpPage
successfully proceeded to SignUpPage
email entered
email button clicked
password entered
password is too long
email entered
email button clicked
password entered
password may be compromised
username entered
password entered
button clicked
login successful
send feedback
email entered
email button clicked
password entered
password needs a number and lowercase letter
username entered
password entered
button clicked
login failed
incorrect username or password.
username entered
password entered
button clicked
login successful
repository clicked
repo name entered
trieu-nhat-222 is available.
username entered
password entered
button clicked
login successful
repository clicked
create repo clicked
new repository name must not be blank
username entered
password entered
button clicked
login successful
chosen repo clicked
chosen file clicked
Edit File button clicked
Typed in
Commit changes button clicked
'commit changes' confirmation button clicked
successfully updated
email entered
email is invalid or already taken
username entered
password entered
button clicked
login successful
repository clicked
repo name entered
username entered
password entered
button clicked
login successful
chosen repo clicked
chosen file clicked
'create file' button clicked
name input
content typed in
Commit changes button clicked
'commit changes' confirmation button clicked
newest file has been added]]>
  </system-out>
</testsuite> <!-- testcase.Testcase_passwordCompromised -->
