<?xml version="1.0" encoding="UTF-8"?>
<!-- Generated by org.testng.reporters.JUnitReportReporter -->
<testsuite hostname="DESKTOP-PKIP4S4" failures="0" tests="1" name="testcase.Testcase_SpecialRepoName" time="2.868" errors="0" timestamp="2023-08-19T00:34:45 ICT" skipped="0">
  <testcase classname="testcase.Testcase_SpecialRepoName" name="test" time="2.868">
    <system-out>
      <![CDATA[username entered
password entered
button clicked
login successful
repository clicked
repo name entered]]>
    </system-out>
  </testcase> <!-- test -->
  <system-out>
    <![CDATA[successfully proceeded to LoginPage
username entered
password entered
button clicked
login successful
repository clicked
repo name entered]]>
  </system-out>
</testsuite> <!-- testcase.Testcase_SpecialRepoName -->
