<?xml version="1.0" encoding="UTF-8"?>
<!-- Generated by org.testng.reporters.JUnitReportReporter -->
<testsuite hostname="DESKTOP-PKIP4S4" failures="0" tests="1" name="testcase.Testcase_BlankRepoName" time="3.022" errors="0" timestamp="2023-08-17T19:12:42 ICT" skipped="0">
  <testcase classname="testcase.Testcase_BlankRepoName" name="test" time="3.022">
    <system-out>
      <![CDATA[username entered
password entered
button clicked
login successful
repository clicked
create repo clicked
new repository name must not be blank]]>
    </system-out>
  </testcase> <!-- test -->
  <system-out>
    <![CDATA[successfully proceeded to LoginPage
username entered
password entered
button clicked
login successful
repository clicked
create repo clicked
new repository name must not be blank]]>
  </system-out>
</testsuite> <!-- testcase.Testcase_BlankRepoName -->
