<?xml version="1.0" encoding="UTF-8"?>
<!-- Generated by org.testng.reporters.JUnitReportReporter -->
<testsuite hostname="DESKTOP-PKIP4S4" failures="0" tests="1" name="testcase.Testcase_passwordTooLong" time="3.448" errors="0" timestamp="2023-08-16T13:07:15 ICT" skipped="0">
  <testcase classname="testcase.Testcase_passwordTooLong" name="test" time="3.448">
    <system-out>
      <![CDATA[email entered
email entered
email button clicked
password entered
password entered
password is too long]]>
    </system-out>
  </testcase> <!-- test -->
  <system-out>
    <![CDATA[successfully proceeded to SignUpPage
email entered
email entered
email button clicked
password entered
password entered
password is too long]]>
  </system-out>
</testsuite> <!-- testcase.Testcase_passwordTooLong -->
