<?xml version="1.0" encoding="UTF-8"?>
<!-- Generated by org.testng.reporters.JUnitReportReporter -->
<testsuite hostname="DESKTOP-PKIP4S4" failures="0" tests="1" name="testcase.Testcase_CreateNewFile" time="8.807" errors="0" timestamp="2023-08-19T04:59:21 ICT" skipped="0">
  <testcase classname="testcase.Testcase_CreateNewFile" name="test" time="8.807">
    <system-out>
      <![CDATA[username entered
password entered
button clicked
login successful
chosen repo clicked
chosen file clicked
'create file' button clicked
name input
content typed in
Commit changes button clicked
'commit changes' confirmation button clicked
76 commits]]>
    </system-out>
  </testcase> <!-- test -->
  <system-out>
    <![CDATA[successfully proceeded to LoginPage
username entered
password entered
button clicked
login successful
chosen repo clicked
chosen file clicked
'create file' button clicked
name input
content typed in
Commit changes button clicked
'commit changes' confirmation button clicked
76 commits]]>
  </system-out>
</testsuite> <!-- testcase.Testcase_CreateNewFile -->
