<?xml version="1.0" encoding="UTF-8"?>
<!-- Generated by org.testng.reporters.JUnitReportReporter -->
<testsuite hostname="DESKTOP-PKIP4S4" failures="0" tests="1" name="testcase.Testcase_InvalidOrTakenEmail" time="2.606" errors="0" timestamp="2023-08-16T20:20:32 ICT" skipped="0">
  <testcase classname="testcase.Testcase_InvalidOrTakenEmail" name="test" time="2.606">
    <system-out>
      <![CDATA[email entered
email entered
email is invalid or already taken]]>
    </system-out>
  </testcase> <!-- test -->
  <system-out>
    <![CDATA[successfully proceeded to SignUpPage
email entered
email entered
email is invalid or already taken]]>
  </system-out>
</testsuite> <!-- testcase.Testcase_InvalidOrTakenEmail -->
